Using pre-set license
Built from '2021.3/staging' branch; Version is '2021.3.8f1 (b30333d56e81) revision 11731763'; Using compiler version '192829333'; Build Type 'Release'
OS: 'Windows 11  (10.0.22000) 64bit Professional' Language: 'uk' Physical Memory: 32715 MB
BatchMode: 1, IsHumanControllingUs: 0, StartBugReporterOnCrash: 0, Is64bit: 1, IsPro: 1

COMMAND LINE ARGUMENTS:
C:\Program Files\Unity\Hub\Editor\2021.3.8f1\Editor\Unity.exe
-adb2
-batchMode
-noUpm
-name
AssetImportWorker3
-projectPath
C:/Users/alexa/Desktop/Edison/D6 10 UnityLegendary/L20 Light finish
-logFile
Logs/AssetImportWorker3.log
-srvPort
56138
Successfully changed project path to: C:/Users/alexa/Desktop/Edison/D6 10 UnityLegendary/L20 Light finish
C:/Users/alexa/Desktop/Edison/D6 10 UnityLegendary/L20 Light finish
[UnityMemory] Configuration Parameters - Can be set up in boot.config
    "memorysetup-bucket-allocator-granularity=16"
    "memorysetup-bucket-allocator-bucket-count=8"
    "memorysetup-bucket-allocator-block-size=33554432"
    "memorysetup-bucket-allocator-block-count=8"
    "memorysetup-main-allocator-block-size=16777216"
    "memorysetup-thread-allocator-block-size=16777216"
    "memorysetup-gfx-main-allocator-block-size=16777216"
    "memorysetup-gfx-thread-allocator-block-size=16777216"
    "memorysetup-cache-allocator-block-size=4194304"
    "memorysetup-typetree-allocator-block-size=2097152"
    "memorysetup-profiler-bucket-allocator-granularity=16"
    "memorysetup-profiler-bucket-allocator-bucket-count=8"
    "memorysetup-profiler-bucket-allocator-block-size=33554432"
    "memorysetup-profiler-bucket-allocator-block-count=8"
    "memorysetup-profiler-allocator-block-size=16777216"
    "memorysetup-profiler-editor-allocator-block-size=1048576"
    "memorysetup-temp-allocator-size-main=16777216"
    "memorysetup-job-temp-allocator-block-size=2097152"
    "memorysetup-job-temp-allocator-block-size-background=1048576"
    "memorysetup-job-temp-allocator-reduction-small-platforms=262144"
    "memorysetup-temp-allocator-size-background-worker=32768"
    "memorysetup-temp-allocator-size-job-worker=262144"
    "memorysetup-temp-allocator-size-preload-manager=33554432"
    "memorysetup-temp-allocator-size-nav-mesh-worker=65536"
    "memorysetup-temp-allocator-size-audio-worker=65536"
    "memorysetup-temp-allocator-size-cloud-worker=32768"
    "memorysetup-temp-allocator-size-gi-baking-worker=262144"
    "memorysetup-temp-allocator-size-gfx=262144"
Refreshing native plugins compatible for Editor in 72.64 ms, found 3 plugins.
Preloading 0 native plugins for Editor in 0.00 ms.
Initialize engine version: 2021.3.8f1 (b30333d56e81)
[Subsystems] Discovering subsystems at path C:/Program Files/Unity/Hub/Editor/2021.3.8f1/Editor/Data/Resources/UnitySubsystems
[Subsystems] Discovering subsystems at path C:/Users/alexa/Desktop/Edison/D6 10 UnityLegendary/L20 Light finish/Assets
GfxDevice: creating device client; threaded=0; jobified=0
Direct3D:
    Version:  Direct3D 11.0 [level 11.1]
    Renderer: NVIDIA GeForce RTX 2060 SUPER (ID=0x1f06)
    Vendor:   NVIDIA
    VRAM:     8031 MB
    Driver:   31.0.15.1694
Initialize mono
Mono path[0] = 'C:/Program Files/Unity/Hub/Editor/2021.3.8f1/Editor/Data/Managed'
Mono path[1] = 'C:/Program Files/Unity/Hub/Editor/2021.3.8f1/Editor/Data/MonoBleedingEdge/lib/mono/unityjit-win32'
Mono config path = 'C:/Program Files/Unity/Hub/Editor/2021.3.8f1/Editor/Data/MonoBleedingEdge/etc'
Using monoOptions --debugger-agent=transport=dt_socket,embedding=1,server=y,suspend=n,address=127.0.0.1:56800
Begin MonoManager ReloadAssembly
Registering precompiled unity dll's ...
Register platform support module: C:/Program Files/Unity/Hub/Editor/2021.3.8f1/Editor/Data/PlaybackEngines/AndroidPlayer/UnityEditor.Android.Extensions.dll
Register platform support module: C:/Program Files/Unity/Hub/Editor/2021.3.8f1/Editor/Data/PlaybackEngines/iOSSupport/UnityEditor.iOS.Extensions.dll
Register platform support module: C:/Program Files/Unity/Hub/Editor/2021.3.8f1/Editor/Data/PlaybackEngines/WindowsStandaloneSupport/UnityEditor.WindowsStandalone.Extensions.dll
Registered in 0.005424 seconds.
Native extension for WindowsStandalone target not found
[usbmuxd] Start listen thread
[usbmuxd] Listen thread started
Native extension for iOS target not found
Native extension for Android target not found
Refreshing native plugins compatible for Editor in 73.02 ms, found 3 plugins.
Preloading 0 native plugins for Editor in 0.00 ms.
Mono: successfully reloaded assembly
- Completed reload, in  0.600 seconds
Domain Reload Profiling:
	ReloadAssembly (600ms)
		BeginReloadAssembly (63ms)
			ExecutionOrderSort (0ms)
			DisableScriptedObjects (0ms)
			BackupInstance (0ms)
			ReleaseScriptingObjects (0ms)
			CreateAndSetChildDomain (1ms)
		EndReloadAssembly (437ms)
			LoadAssemblies (62ms)
			RebuildTransferFunctionScriptingTraits (0ms)
			SetupTypeCache (108ms)
			ReleaseScriptCaches (0ms)
			RebuildScriptCaches (29ms)
			SetupLoadedEditorAssemblies (255ms)
				LogAssemblyErrors (0ms)
				InitializePlatformSupportModulesInManaged (59ms)
				SetLoadedEditorAssemblies (0ms)
				RefreshPlugins (73ms)
				BeforeProcessingInitializeOnLoad (1ms)
				ProcessInitializeOnLoadAttributes (83ms)
				ProcessInitializeOnLoadMethodAttributes (38ms)
				AfterProcessingInitializeOnLoad (0ms)
				EditorAssembliesLoaded (0ms)
			ExecutionOrderSort2 (0ms)
			AwakeInstancesAfterBackupRestoration (0ms)
Platform modules already initialized, skipping
Registering precompiled user dll's ...
Registered in 0.004229 seconds.
Begin MonoManager ReloadAssembly
Symbol file LoadedFromMemory doesn't match image C:\Users\alexa\Desktop\Edison\D6 10 UnityLegendary\L20 Light finish\Library\PackageCache\com.unity.visualscripting@1.7.8\Editor\VisualScripting.Core\Dependencies\YamlDotNet\Unity.VisualScripting.YamlDotNet.dll
Symbol file LoadedFromMemory doesn't match image C:\Users\alexa\Desktop\Edison\D6 10 UnityLegendary\L20 Light finish\Library\PackageCache\com.unity.visualscripting@1.7.8\Editor\VisualScripting.Core\Dependencies\DotNetZip\Unity.VisualScripting.IonicZip.dll
Native extension for WindowsStandalone target not found
Native extension for iOS target not found
Native extension for Android target not found
Refreshing native plugins compatible for Editor in 0.68 ms, found 3 plugins.
Preloading 0 native plugins for Editor in 0.00 ms.
Mono: successfully reloaded assembly
- Completed reload, in  1.080 seconds
Domain Reload Profiling:
	ReloadAssembly (1081ms)
		BeginReloadAssembly (211ms)
			ExecutionOrderSort (0ms)
			DisableScriptedObjects (6ms)
			BackupInstance (0ms)
			ReleaseScriptingObjects (0ms)
			CreateAndSetChildDomain (125ms)
		EndReloadAssembly (763ms)
			LoadAssemblies (73ms)
			RebuildTransferFunctionScriptingTraits (0ms)
			SetupTypeCache (262ms)
			ReleaseScriptCaches (1ms)
			RebuildScriptCaches (46ms)
			SetupLoadedEditorAssemblies (342ms)
				LogAssemblyErrors (0ms)
				InitializePlatformSupportModulesInManaged (22ms)
				SetLoadedEditorAssemblies (0ms)
				RefreshPlugins (1ms)
				BeforeProcessingInitializeOnLoad (73ms)
				ProcessInitializeOnLoadAttributes (209ms)
				ProcessInitializeOnLoadMethodAttributes (29ms)
				AfterProcessingInitializeOnLoad (7ms)
				EditorAssembliesLoaded (0ms)
			ExecutionOrderSort2 (0ms)
			AwakeInstancesAfterBackupRestoration (7ms)
Platform modules already initialized, skipping
========================================================================
Worker process is ready to serve import requests
Launched and connected shader compiler UnityShaderCompiler.exe after 0.05 seconds
Refreshing native plugins compatible for Editor in 1.20 ms, found 3 plugins.
Preloading 0 native plugins for Editor in 0.00 ms.
Unloading 3377 Unused Serialized files (Serialized files now loaded: 0)
Unloading 25 unused Assets / (55.7 KB). Loaded Objects now: 3838.
Memory consumption went from 116.1 MB to 116.0 MB.
Total: 3.768500 ms (FindLiveObjects: 0.418100 ms CreateObjectMapping: 0.099100 ms MarkObjects: 3.158200 ms  DeleteObjects: 0.091800 ms)

AssetImportParameters requested are different than current active one (requested -> active):
  custom:video-decoder-ogg-theora: a1e56fd34408186e4bbccfd4996cb3dc -> 
  custom:container-muxer-webm: aa71ff27fc2769a1b78a27578f13a17b -> 
  custom:container-demuxer-webm: 4f35f7cbe854078d1ac9338744f61a02 -> 
  custom:video-encoder-webm-vp8: eb34c28f22e8b96e1ab97ce403110664 -> 
  custom:audio-encoder-webm-vorbis: bf7c407c2cedff20999df2af8eb42d56 -> 
  custom:framework-win-MediaFoundation: 216162199b28c13a410421893ffa2e32 -> 
  custom:container-demuxer-ogg: 62fdf1f143b41e24485cea50d1cbac27 -> 
  custom:video-decoder-webm-vp8: 9c59270c3fd7afecdb556c50c9e8de78 -> 
  custom:audio-decoder-ogg-vorbis: bf7c407c2cedff20999df2af8eb42d56 -> 
========================================================================
Received Import Request.
  Time since last request: 6349.224908 seconds.
  path: Assets/2.2 FlashlightTexture.psd
  artifactKey: Guid(2be7ee40b5af1da479de38a5fe097e6d) Importer(815301076,1909f56bfc062723c751e8b465ee728b)
Start importing Assets/2.2 FlashlightTexture.psd using Guid(2be7ee40b5af1da479de38a5fe097e6d) Importer(815301076,1909f56bfc062723c751e8b465ee728b)  -> (artifact id: '4ec3337a3181df813269af99ea124b12') in 0.079042 seconds 
========================================================================
Received Import Request.
  Time since last request: 0.000023 seconds.
  path: Assets/Garage_Wall_Color.mat
  artifactKey: Guid(c7072c5ba52246d49afe77391d1e9dcb) Importer(815301076,1909f56bfc062723c751e8b465ee728b)
Start importing Assets/Garage_Wall_Color.mat using Guid(c7072c5ba52246d49afe77391d1e9dcb) Importer(815301076,1909f56bfc062723c751e8b465ee728b)  -> (artifact id: 'a49e264afb8ed8aea5483fb422d984f1') in 0.290258 seconds 
========================================================================
Received Import Request.
  Time since last request: 0.000034 seconds.
  path: Assets/Water.mat
  artifactKey: Guid(6189981d2d6d2fb46bd9876301fff502) Importer(815301076,1909f56bfc062723c751e8b465ee728b)
Start importing Assets/Water.mat using Guid(6189981d2d6d2fb46bd9876301fff502) Importer(815301076,1909f56bfc062723c751e8b465ee728b)  -> (artifact id: '8bcbfd0b0e0a988378dc6d4d71d837dd') in 0.238539 seconds 
========================================================================
Received Import Request.
  Time since last request: 0.000034 seconds.
  path: Assets/Noise.psd
  artifactKey: Guid(e1b66bb4f39a1a048965748ab643f674) Importer(815301076,1909f56bfc062723c751e8b465ee728b)
Start importing Assets/Noise.psd using Guid(e1b66bb4f39a1a048965748ab643f674) Importer(815301076,1909f56bfc062723c751e8b465ee728b)  -> (artifact id: '4fb374c2baee038ac0f5a51e4d9f004d') in 0.023680 seconds 
========================================================================
Received Import Request.
  Time since last request: 0.000049 seconds.
  path: Assets/Kamin.FBX
  artifactKey: Guid(f84c0e09d03d943438c47f19677cfd96) Importer(815301076,1909f56bfc062723c751e8b465ee728b)
Start importing Assets/Kamin.FBX using Guid(f84c0e09d03d943438c47f19677cfd96) Importer(815301076,1909f56bfc062723c751e8b465ee728b)  -> (artifact id: 'fad14c88d3c916f077c4cf43fc469262') in 0.142085 seconds 
========================================================================
Received Import Request.
  Time since last request: 0.000023 seconds.
  path: Assets/Frame.mat
  artifactKey: Guid(c9b660c81c0d99842b2a1dad790cb3ae) Importer(815301076,1909f56bfc062723c751e8b465ee728b)
Start importing Assets/Frame.mat using Guid(c9b660c81c0d99842b2a1dad790cb3ae) Importer(815301076,1909f56bfc062723c751e8b465ee728b)  -> (artifact id: '990409ea4e49ae82d24dfa65d9462acb') in 0.012570 seconds 
========================================================================
Received Import Request.
  Time since last request: 0.000031 seconds.
  path: Assets/Ground.mat
  artifactKey: Guid(88e69a02f062ea14c95c3d7b70a8d0ea) Importer(815301076,1909f56bfc062723c751e8b465ee728b)
Start importing Assets/Ground.mat using Guid(88e69a02f062ea14c95c3d7b70a8d0ea) Importer(815301076,1909f56bfc062723c751e8b465ee728b)  -> (artifact id: '2c744ec5aa3d4cc729fc52a8ac2cb4d2') in 0.014508 seconds 
========================================================================
Received Import Request.
  Time since last request: 0.000037 seconds.
  path: Assets/Player.mat
  artifactKey: Guid(34dd0053f673f5a42b4c2f2a2e798ef0) Importer(815301076,1909f56bfc062723c751e8b465ee728b)
Start importing Assets/Player.mat using Guid(34dd0053f673f5a42b4c2f2a2e798ef0) Importer(815301076,1909f56bfc062723c751e8b465ee728b)  -> (artifact id: '489de413aa3425466c5c420301c0066d') in 0.016167 seconds 
========================================================================
Received Import Request.
  Time since last request: 0.000042 seconds.
  path: Assets/Ground near water.mat
  artifactKey: Guid(0d432cb28a79aa141af03c3335cbbe6e) Importer(815301076,1909f56bfc062723c751e8b465ee728b)
Start importing Assets/Ground near water.mat using Guid(0d432cb28a79aa141af03c3335cbbe6e) Importer(815301076,1909f56bfc062723c751e8b465ee728b)  -> (artifact id: '55fd6be798edbb7f14234909bb9c4f0f') in 0.015308 seconds 
========================================================================
Received Import Request.
  Time since last request: 0.000044 seconds.
  path: Assets/Garage.mat
  artifactKey: Guid(2901ac2af51e00f479b11b93866e16f9) Importer(815301076,1909f56bfc062723c751e8b465ee728b)
Start importing Assets/Garage.mat using Guid(2901ac2af51e00f479b11b93866e16f9) Importer(815301076,1909f56bfc062723c751e8b465ee728b)  -> (artifact id: '2b18cc5c76d902590c80b84db57295d3') in 0.016643 seconds 
========================================================================
Received Import Request.
  Time since last request: 0.000036 seconds.
  path: Assets/Emission.mat
  artifactKey: Guid(01055bf2e44f3fc4e9d6d995577f029e) Importer(815301076,1909f56bfc062723c751e8b465ee728b)
Start importing Assets/Emission.mat using Guid(01055bf2e44f3fc4e9d6d995577f029e) Importer(815301076,1909f56bfc062723c751e8b465ee728b)  -> (artifact id: '2ab9a45e03e9397429dd39014f55e40e') in 0.015093 seconds 
========================================================================
Received Import Request.
  Time since last request: 0.000034 seconds.
  path: Assets/Sky.mat
  artifactKey: Guid(c97fa1fe5cb8d7f408c9fd8eeafb82ad) Importer(815301076,1909f56bfc062723c751e8b465ee728b)
Start importing Assets/Sky.mat using Guid(c97fa1fe5cb8d7f408c9fd8eeafb82ad) Importer(815301076,1909f56bfc062723c751e8b465ee728b)  -> (artifact id: '8a1e9b7de0f9918b9d6377851a47cbf7') in 0.097892 seconds 
========================================================================
Received Import Request.
  Time since last request: 0.000027 seconds.
  path: Assets/2 Garage.fbx
  artifactKey: Guid(e8248d488f7052543aa4f65cee9fd3bf) Importer(815301076,1909f56bfc062723c751e8b465ee728b)
Start importing Assets/2 Garage.fbx using Guid(e8248d488f7052543aa4f65cee9fd3bf) Importer(815301076,1909f56bfc062723c751e8b465ee728b)  -> (artifact id: '4fff6123f98ded07842853673d96d244') in 0.061895 seconds 
========================================================================
Received Import Request.
  Time since last request: 0.000027 seconds.
  path: Assets/2House.fbx
  artifactKey: Guid(514ab32e311f1c447b19f07e05f94946) Importer(815301076,1909f56bfc062723c751e8b465ee728b)
Start importing Assets/2House.fbx using Guid(514ab32e311f1c447b19f07e05f94946) Importer(815301076,1909f56bfc062723c751e8b465ee728b)  -> (artifact id: 'd21b234074917f429a83a47c5bbcadf4') in 0.088457 seconds 
========================================================================
Received Import Request.
  Time since last request: 0.000029 seconds.
  path: Assets/Garage_Detail_Color.mat
  artifactKey: Guid(2ea81039a6bdc964f93b285feb1a1957) Importer(815301076,1909f56bfc062723c751e8b465ee728b)
Start importing Assets/Garage_Detail_Color.mat using Guid(2ea81039a6bdc964f93b285feb1a1957) Importer(815301076,1909f56bfc062723c751e8b465ee728b)  -> (artifact id: 'a07ba1045dff4147b09d492aec9caac3') in 0.012733 seconds 
========================================================================
Received Import Request.
  Time since last request: 0.000018 seconds.
  path: Assets/Yellow.mat
  artifactKey: Guid(bb03f45f82b170848852a2933d7eb60c) Importer(815301076,1909f56bfc062723c751e8b465ee728b)
Start importing Assets/Yellow.mat using Guid(bb03f45f82b170848852a2933d7eb60c) Importer(815301076,1909f56bfc062723c751e8b465ee728b)  -> (artifact id: 'f0f49461e35eda0bcbf881a4dadbc535') in 0.017650 seconds 
========================================================================
Received Import Request.
  Time since last request: 0.000029 seconds.
  path: Assets/dp9b2h1yy3o01.jpg
  artifactKey: Guid(9fe3bb4ba8b8aa247b2e3da7db527227) Importer(815301076,1909f56bfc062723c751e8b465ee728b)
Start importing Assets/dp9b2h1yy3o01.jpg using Guid(9fe3bb4ba8b8aa247b2e3da7db527227) Importer(815301076,1909f56bfc062723c751e8b465ee728b)  -> (artifact id: '202c2c14bdaf85d28a65b70f628b13ea') in 0.081453 seconds 
========================================================================
Received Import Request.
  Time since last request: 0.000024 seconds.
  path: Assets/TestMirror.mat
  artifactKey: Guid(4b5b70067c04e0b43b83c1761e82a526) Importer(815301076,1909f56bfc062723c751e8b465ee728b)
Start importing Assets/TestMirror.mat using Guid(4b5b70067c04e0b43b83c1761e82a526) Importer(815301076,1909f56bfc062723c751e8b465ee728b)  -> (artifact id: 'c545b8c7ededc42ef846711a30b877de') in 0.011970 seconds 
========================================================================
Received Import Request.
  Time since last request: 0.000021 seconds.
  path: Assets/Std2.mat
  artifactKey: Guid(156919333d44ce644862ed3ba70918b1) Importer(815301076,1909f56bfc062723c751e8b465ee728b)
Start importing Assets/Std2.mat using Guid(156919333d44ce644862ed3ba70918b1) Importer(815301076,1909f56bfc062723c751e8b465ee728b)  -> (artifact id: 'e709a4d5feb9cdba95c8b739f4d11442') in 0.011890 seconds 
